
# ========== optimize session started at 2026-03-03 02:29:12 ==========
[2026-03-03 02:29:17] [optimize] REMOVED /Users/jth/Library/Saved Application State/53ACA7A9-C692-4A79-8E74-34FEC358749C.savedState (20KB)
[2026-03-03 02:29:17] [optimize] REMOVED /Users/jth/Library/Saved Application State/com.eltima.cmd1-setapp.savedState (12KB)
[2026-03-03 02:29:17] [optimize] REMOVED /Users/jth/Library/Saved Application State/com.valvesoftware.steam.savedState (8KB)
[2026-03-03 02:29:17] [optimize] FAILED /Users/jth/Library/Saved Application State/com.SITPL.StellarDriveMonitor.savedState (permission denied)
[2026-03-03 02:29:17] [optimize] REMOVED /Users/jth/Library/Saved Application State/com.logi.ghub.ui.savedState (16KB)
[2026-03-03 02:29:17] [optimize] REMOVED /Users/jth/Library/Saved Application State/com.easeus.downloaderformacdrw.savedState (12KB)
[2026-03-03 02:29:18] [optimize] REMOVED /Users/jth/Library/Saved Application State/com.devuap.Typing-Mind-setapp.savedState (12KB)
[2026-03-03 02:29:18] [optimize] REMOVED /Users/jth/Library/Saved Application State/app.timeline.aeon-setapp.savedState (115KB)
[2026-03-03 02:29:18] [optimize] REMOVED /Users/jth/Library/Saved Application State/com.c-command.EagleFiler.savedState (16KB)
[2026-03-03 02:29:18] [optimize] REMOVED /Users/jth/Library/Saved Application State/jp.co.pfu.SSHomeWizard.savedState (8KB)
[2026-03-03 02:29:18] [optimize] REMOVED /Users/jth/Library/Saved Application State/com.abbyy.FineReader-for-ScanSnap.savedState (12KB)
[2026-03-03 02:29:18] [optimize] REMOVED /Users/jth/Library/Saved Application State/com.company.peazip.savedState (16KB)
[2026-03-03 02:29:18] [optimize] FAILED /Users/jth/Library/Saved Application State/com.SITPL.StellarDataRecovery.savedState (permission denied)
[2026-03-03 02:29:18] [optimize] REMOVED /Users/jth/Library/Saved Application State/app.timeline.aeon.savedState (111KB)
[2026-03-03 02:29:18] [optimize] REMOVED /Users/jth/Library/Saved Application State/com.easeus.datarecoverywizard.savedState (16KB)
[2026-03-03 02:29:18] [optimize] REMOVED /Users/jth/Library/Saved Application State/com.fujitsu.pfu.scansnap.Home.DLInstall.savedState (12KB)
[2026-03-03 02:29:18] [optimize] REMOVED /Users/jth/Library/Saved Application State/com.paragon-software.ntfs.installer.savedState (12KB)
[2026-03-03 02:29:18] [optimize] REMOVED /Users/jth/Library/Saved Application State/com.paragon-software.ntfs.uninstaller.savedState (12KB)
[2026-03-03 02:29:18] [optimize] REMOVED /Users/jth/Library/Saved Application State/com.BlueBubbles.BlueBubbles-Server.savedState (8KB)
[2026-03-03 02:30:09] [optimize] REMOVED /Users/jth/Library/Application Support/Dock/desktoppicture.db (53KB)
# ========== optimize session ended at 2026-03-03 02:32:22, 14 items, 0B ==========

# ========== uninstall session started at 2026-03-03 18:22:46 ==========
[2026-03-03 18:26:33] [uninstall] REMOVED /Applications/StellarDataRecoveryforiPhone.app (55.2MB)
[2026-03-03 18:26:34] [uninstall] REMOVED /Applications/StellarDataRecovery.app (206.3MB)
[2026-03-03 18:26:34] [uninstall] REMOVED /Users/jth/Applications/Chrome Apps.localized/Google Drive.app (1.7MB)
[2026-03-03 18:26:38] [uninstall] REMOVED /Applications/Adobe Premiere Pro 2024/Adobe Premiere Pro 2024.app (6.51GB)
[2026-03-03 18:26:38] [uninstall] REMOVED /Users/jth/Library/Caches/com.adobe.PremierePro.24 (139KB)
[2026-03-03 18:26:38] [uninstall] REMOVED /Users/jth/Library/WebKit/com.adobe.PremierePro.24 (434KB)
[2026-03-03 18:26:38] [uninstall] REMOVED /Users/jth/Library/HTTPStorages/com.adobe.PremierePro.24 (94KB)
[2026-03-03 18:26:38] [uninstall] REMOVED /Users/jth/Library/Preferences/com.adobe.PremierePro.24.plist (4KB)
[2026-03-03 18:26:38] [uninstall] REMOVED /Applications/NTFS for Mac.app (104.3MB)
[2026-03-03 18:26:38] [uninstall] REMOVED /Users/jth/Library/Application Support/com.paragon-software.ntfs.fsapp
[2026-03-03 18:26:38] [uninstall] REMOVED /Users/jth/Library/Caches/com.paragon-software.ntfs.fsapp (426KB)
[2026-03-03 18:26:39] [uninstall] REMOVED /Users/jth/Library/WebKit/com.paragon-software.ntfs.fsapp (475KB)
[2026-03-03 18:26:39] [uninstall] REMOVED /Users/jth/Library/HTTPStorages/com.paragon-software.ntfs.fsapp (238KB)
[2026-03-03 18:26:39] [uninstall] REMOVED /Users/jth/Library/Preferences/com.paragon-software.ntfs.fsapp.plist (4KB)
[2026-03-03 18:26:39] [uninstall] REMOVED /Applications/DaVinci Resolve/DaVinci Control Panels Setup.app (680.0MB)
[2026-03-03 18:26:39] [uninstall] REMOVED /Users/jth/Library/Caches/DaVinci Control Panels Setup
[2026-03-03 18:26:39] [uninstall] REMOVED /Users/jth/Library/Saved Application State/com.blackmagic-design.davincicontrolpanels.utility.savedState (8KB)
[2026-03-03 18:26:40] [uninstall] REMOVED /Applications/Blackmagic RAW/Blackmagic RAW Player.app (104.6MB)
[2026-03-03 18:26:40] [uninstall] REMOVED /Users/jth/Library/Containers/com.blackmagic-design.BlackmagicRawPlayer (4KB)
[2026-03-03 18:26:40] [uninstall] REMOVED /Users/jth/Library/Application Scripts/com.blackmagic-design.BlackmagicRawPlayer
[2026-03-03 18:26:40] [uninstall] REMOVED /Applications/Blackmagic RAW/Blackmagic RAW Speed Test.app (94.3MB)
[2026-03-03 18:26:40] [uninstall] REMOVED /Users/jth/Library/Containers/com.blackmagic-design.BlackmagicRawSpeedTest (4KB)
[2026-03-03 18:26:40] [uninstall] REMOVED /Users/jth/Library/Application Scripts/com.blackmagic-design.BlackmagicRawSpeedTest
[2026-03-03 18:26:40] [uninstall] REMOVED /Applications/Blackmagic Proxy Generator Lite.app (1.5MB)
[2026-03-03 18:26:41] [uninstall] REMOVED /Applications/DaVinci Resolve/DaVinci Resolve.app (3.70GB)
[2026-03-03 18:26:41] [uninstall] REMOVED /Users/jth/Library/Saved Application State/com.blackmagic-design.DaVinciResolve.savedState (8KB)
[2026-03-03 18:26:42] [uninstall] REMOVED /Users/jth/Library/Preferences/com.blackmagic-design.DaVinciResolve.plist (4KB)
[2026-03-03 18:26:42] [uninstall] REMOVED /private/var/db/receipts/com.blackmagic-design.DaVinciResolveLite.bom (918KB)
[2026-03-03 18:26:42] [uninstall] REMOVED /private/var/db/receipts/com.blackmagic-design.DaVinciResolveLite.plist (4KB)
[2026-03-03 18:26:42] [uninstall] REMOVED /Applications/OneDrive.app (1.19GB)
[2026-03-03 18:26:42] [uninstall] REMOVED /Users/jth/Library/Logs/OneDrive (471KB)
[2026-03-03 18:26:43] [uninstall] REMOVED /Library/LaunchAgents/com.microsoft.OneDriveStandaloneUpdater.plist (4KB)
[2026-03-03 18:26:43] [uninstall] REMOVED /Library/LaunchDaemons/com.microsoft.OneDriveStandaloneUpdaterDaemon.plist (4KB)
[2026-03-03 18:26:43] [uninstall] REMOVED /Library/LaunchDaemons/com.microsoft.OneDriveUpdaterDaemon.plist (4KB)
[2026-03-03 18:26:43] [uninstall] REMOVED /private/var/db/receipts/com.microsoft.OneDrive.bom (684KB)
[2026-03-03 18:26:43] [uninstall] REMOVED /private/var/db/receipts/com.microsoft.OneDrive.plist (4KB)
[2026-03-03 18:26:43] [uninstall] REMOVED /Applications/WhatsApp.app (154.3MB)
[2026-03-03 18:26:43] [uninstall] REMOVED /Users/jth/Library/Saved Application State/desktop.WhatsApp.savedState (symlink)
[2026-03-03 18:26:43] [uninstall] REMOVED /Users/jth/Library/Containers/desktop.WhatsApp (13.3MB)
[2026-03-03 18:26:43] [uninstall] REMOVED /Users/jth/Library/Application Scripts/desktop.WhatsApp
[2026-03-03 18:26:43] [uninstall] REMOVED /Users/jth/Library/Group Containers/57T9237FN3.desktop.WhatsApp (4KB)
[2026-03-03 18:26:43] [uninstall] REMOVED /private/var/db/receipts/desktop.WhatsApp.bom (168KB)
[2026-03-03 18:26:44] [uninstall] REMOVED /private/var/db/receipts/desktop.WhatsApp.plist (4KB)
[2026-03-03 18:26:46] [uninstall] REMOVED /Applications/Adobe Media Encoder 2025/Adobe Media Encoder 2025.app (3.98GB)
[2026-03-03 18:26:47] [uninstall] REMOVED /Applications/Google Drive.app (567.0MB)
[2026-03-03 18:26:47] [uninstall] REMOVED /Users/jth/Library/Preferences/com.google.drivefs.plist (4KB)
[2026-03-03 18:26:47] [uninstall] REMOVED /Users/jth/Library/Group Containers/EQHXZ8M8AV.group.com.google.drivefs (1.14GB)
[2026-03-03 18:26:47] [uninstall] REMOVED /private/var/db/receipts/com.google.drivefs.arm64.bom (156KB)
[2026-03-03 18:26:47] [uninstall] REMOVED /private/var/db/receipts/com.google.drivefs.arm64.plist (4KB)
[2026-03-03 18:26:47] [uninstall] REMOVED /private/var/db/receipts/com.google.drivefs.filesystems.dfsfuse.arm64.bom (37KB)
[2026-03-03 18:26:47] [uninstall] REMOVED /private/var/db/receipts/com.google.drivefs.filesystems.dfsfuse.arm64.plist (4KB)
[2026-03-03 18:26:47] [uninstall] REMOVED /private/var/db/receipts/com.google.drivefs.shortcuts.bom (41KB)
[2026-03-03 18:26:47] [uninstall] REMOVED /private/var/db/receipts/com.google.drivefs.shortcuts.plist (4KB)
[2026-03-03 18:26:50] [uninstall] REMOVED /Applications/Adobe Media Encoder 2024/Adobe Media Encoder 2024.app (5.61GB)
[2026-03-03 18:26:50] [uninstall] REMOVED /Users/jth/Library/Saved Application State/com.adobe.ame.application.24.savedState (20KB)
[2026-03-03 18:26:50] [uninstall] REMOVED /Users/jth/Library/HTTPStorages/com.adobe.ame.application.24 (66KB)
[2026-03-03 18:26:51] [uninstall] REMOVED /Applications/DEVONthink 3old.app (231.1MB)
[2026-03-03 18:26:51] [uninstall] REMOVED /Users/jth/Library/Caches/com.devon-technologies.think3 (16.3MB)
[2026-03-03 18:26:51] [uninstall] REMOVED /Users/jth/Library/WebKit/com.devon-technologies.think3 (631KB)
[2026-03-03 18:26:51] [uninstall] REMOVED /Users/jth/Library/HTTPStorages/com.devon-technologies.think3 (172KB)
[2026-03-03 18:26:51] [uninstall] REMOVED /Users/jth/Library/Application Scripts/com.devon-technologies.think3 (3.5MB)
[2026-03-03 18:26:51] [uninstall] REMOVED /Users/jth/Library/Preferences/com.devon-technologies.think3.plist (37KB)
[2026-03-03 18:26:55] [uninstall] REMOVED /Applications/Adobe InDesign 2025/Adobe InDesign 2025.app (2.45GB)
[2026-03-03 18:26:59] [uninstall] REMOVED /Applications/Adobe Premiere Pro 2025/Adobe Premiere Pro 2025.app (4.82GB)
[2026-03-03 18:27:01] [uninstall] REMOVED /Applications/Adobe Photoshop 2024/Adobe Photoshop 2024.app (5.42GB)
[2026-03-03 18:27:01] [uninstall] REMOVED /Users/jth/Library/Caches/com.adobe.Photoshop (22.0MB)
[2026-03-03 18:27:01] [uninstall] REMOVED /Users/jth/Library/WebKit/com.adobe.Photoshop (659KB)
[2026-03-03 18:27:01] [uninstall] REMOVED /Users/jth/Library/HTTPStorages/com.adobe.Photoshop (303KB)
[2026-03-03 18:27:01] [uninstall] REMOVED /Users/jth/Library/Preferences/com.adobe.Photoshop.plist (4KB)
[2026-03-03 18:27:02] [uninstall] REMOVED /Applications/Windsurf.app (565.5MB)
[2026-03-03 18:27:04] [uninstall] REMOVED /Users/jth/Library/Application Support/Windsurf (360.1MB)
[2026-03-03 18:27:04] [uninstall] REMOVED /Users/jth/Library/Caches/com.exafunction.windsurf (348KB)
[2026-03-03 18:27:04] [uninstall] REMOVED /Users/jth/Library/HTTPStorages/com.exafunction.windsurf (238KB)
[2026-03-03 18:27:05] [uninstall] REMOVED /Users/jth/.Windsurf (577.1MB)
[2026-03-03 18:27:05] [uninstall] REMOVED /Users/jth/Library/Preferences/com.exafunction.windsurf.plist (4KB)
[2026-03-03 18:27:05] [uninstall] REMOVED /Users/jth/Library/Preferences/ByHost/com.exafunction.windsurf.ShipIt.417B5B92-0A00-5305-A01B-6133190328E4.plist (4KB)
[2026-03-03 18:27:07] [uninstall] REMOVED /Applications/RubyMine.app (2.84GB)
[2026-03-03 18:27:09] [uninstall] REMOVED /Applications/PyCharm.app (3.14GB)
[2026-03-03 18:27:09] [uninstall] REMOVED /Users/jth/Library/Preferences/com.jetbrains.pycharm.plist (4KB)
[2026-03-03 18:27:09] [uninstall] REMOVED /Users/jth/Library/Application Support/JetBrains/PyCharm2025.1 (9.9MB)
[2026-03-03 18:27:10] [uninstall] REMOVED /Users/jth/Library/Caches/JetBrains/PyCharm2025.1 (636.6MB)
[2026-03-03 18:27:10] [uninstall] REMOVED /Users/jth/Library/Logs/JetBrains/PyCharm2025.1 (6.4MB)
[2026-03-03 18:27:14] [uninstall] REMOVED /Applications/Adobe Illustrator 2025/Adobe Illustrator.app (2.69GB)
[2026-03-03 18:27:14] [uninstall] REMOVED /Users/jth/Library/Caches/com.adobe.illustrator (3.2MB)
[2026-03-03 18:27:14] [uninstall] REMOVED /Users/jth/Library/WebKit/com.adobe.illustrator (483KB)
[2026-03-03 18:27:14] [uninstall] REMOVED /Users/jth/Library/HTTPStorages/com.adobe.illustrator (172KB)
[2026-03-03 18:27:14] [uninstall] REMOVED /Users/jth/Library/Preferences/com.adobe.illustrator.plist (4KB)
[2026-03-03 18:27:17] [uninstall] REMOVED /Applications/Adobe Lightroom CC/Adobe Lightroom.app (2.69GB)
[2026-03-03 18:27:17] [uninstall] REMOVED /Users/jth/Library/Caches/com.adobe.lightroomCC (713KB)
[2026-03-03 18:27:17] [uninstall] REMOVED /Users/jth/Library/WebKit/com.adobe.lightroomCC (434KB)
[2026-03-03 18:27:17] [uninstall] REMOVED /Users/jth/Library/HTTPStorages/com.adobe.lightroomCC (61KB)
[2026-03-03 18:27:17] [uninstall] REMOVED /Users/jth/Library/Preferences/com.adobe.lightroomCC.plist (37KB)
[2026-03-03 18:27:20] [uninstall] REMOVED /Applications/Adobe Photoshop 2025/Adobe Photoshop 2025.app (6.03GB)
[2026-03-03 18:27:23] [uninstall] REMOVED /Applications/Adobe Dreamweaver 2021/Adobe Dreamweaver 2021.app (2.12GB)
[2026-03-03 18:27:23] [uninstall] REMOVED /Users/jth/Library/Caches/com.adobe.dreamweaver-18.1 (82KB)
[2026-03-03 18:27:23] [uninstall] REMOVED /Users/jth/Library/HTTPStorages/com.adobe.dreamweaver-18.1 (57KB)
[2026-03-03 18:27:23] [uninstall] REMOVED /Users/jth/Library/Preferences/com.adobe.dreamweaver-18.1.plist (4KB)
[2026-03-03 18:27:27] [uninstall] REMOVED /Applications/Adobe Premiere Pro (Beta)/Adobe Premiere Pro (Beta).app (7.63GB)
[2026-03-03 18:27:27] [uninstall] REMOVED /Users/jth/Library/Caches/com.adobe.PremiereProBeta.25 (9.1MB)
[2026-03-03 18:27:28] [uninstall] REMOVED /Users/jth/Library/WebKit/com.adobe.PremiereProBeta.25 (553KB)
[2026-03-03 18:27:28] [uninstall] REMOVED /Users/jth/Library/HTTPStorages/com.adobe.PremiereProBeta.25 (172KB)
[2026-03-03 18:27:28] [uninstall] REMOVED /Users/jth/Library/Preferences/com.adobe.PremiereProBeta.25.plist (4KB)
[2026-03-03 18:27:29] [uninstall] REMOVED /Applications/Utilities/Adobe Genuine Service/AdobeGCClient.app (symlink)
[2026-03-03 18:27:31] [uninstall] REMOVED /Applications/Adobe Acrobat DC/Acrobat Distiller.app (225.7MB)
[2026-03-03 18:27:31] [uninstall] REMOVED /Users/jth/Library/Caches/com.adobe.distiller (9.7MB)
[2026-03-03 18:27:31] [uninstall] REMOVED /Users/jth/Library/WebKit/com.adobe.distiller (553KB)
[2026-03-03 18:27:31] [uninstall] REMOVED /Users/jth/Library/HTTPStorages/com.adobe.distiller (94KB)
[2026-03-03 18:27:33] [uninstall] REMOVED /Applications/Adobe Acrobat DC/Adobe Acrobat.app (2.54GB)
[2026-03-03 18:27:33] [uninstall] REMOVED /Users/jth/Library/Caches/com.adobe.Acrobat.Pro (31.4MB)
[2026-03-03 18:27:34] [uninstall] REMOVED /Users/jth/Library/WebKit/com.adobe.Acrobat.Pro (561KB)
[2026-03-03 18:27:34] [uninstall] REMOVED /Users/jth/Library/HTTPStorages/com.adobe.Acrobat.Pro (434KB)
[2026-03-03 18:27:34] [uninstall] REMOVED /Users/jth/Library/Preferences/com.adobe.Acrobat.Pro.plist (438KB)

# ========== uninstall session started at 2026-03-03 19:12:23 ==========
[2026-03-03 19:16:43] [uninstall] REMOVED /Users/jth/Library/Caches/com.adobe.PremiereRush2.10 (9.2MB)
[2026-03-03 19:16:43] [uninstall] REMOVED /Users/jth/Library/WebKit/com.adobe.PremiereRush2.10 (782KB)
[2026-03-03 19:16:43] [uninstall] REMOVED /Users/jth/Library/HTTPStorages/com.adobe.PremiereRush2.10 (434KB)
[2026-03-03 19:16:43] [uninstall] REMOVED /Users/jth/Library/Preferences/com.adobe.PremiereRush2.10.plist (4KB)

# ========== optimize session started at 2026-03-03 19:16:55 ==========
[2026-03-03 19:16:56] [optimize] FAILED /Users/jth/Library/Saved Application State/com.SITPL.StellarDriveMonitor.savedState (permission denied)
[2026-03-03 19:16:56] [optimize] FAILED /Users/jth/Library/Saved Application State/com.SITPL.StellarDataRecovery.savedState (permission denied)
# ========== optimize session ended at 2026-03-03 19:17:41, 14 items, 0B ==========

# ========== uninstall session started at 2026-03-12 16:06:37 ==========
[2026-03-12 16:06:51] [uninstall] REMOVED /Applications/Dropbox.app (561.7MB)
[2026-03-12 16:06:51] [uninstall] REMOVED /Users/jth/Library/Application Support/Dropbox (407.3MB)
[2026-03-12 16:06:51] [uninstall] REMOVED /Users/jth/Library/Caches/com.getdropbox.dropbox (254KB)
[2026-03-12 16:06:51] [uninstall] REMOVED /Users/jth/Library/HTTPStorages/com.getdropbox.dropbox (78KB)
[2026-03-12 16:06:53] [uninstall] REMOVED /Users/jth/.Dropbox (2.99GB)
[2026-03-12 16:06:53] [uninstall] REMOVED /Users/jth/Library/Preferences/com.getdropbox.dropbox.plist (4KB)
[2026-03-12 16:06:54] [uninstall] REMOVED /Users/jth/Library/Group Containers/G7HH3F8CAK.com.getdropbox.dropbox.sync (273.3MB)
[2026-03-12 16:06:54] [uninstall] REMOVED /Users/jth/Library/LaunchAgents/com.dropbox.DropboxUpdater.wake.plist (4KB)

# ========== uninstall session started at 2026-03-12 16:07:11 ==========
[2026-03-12 16:08:58] [uninstall] REMOVED /Applications/Setapp/Aeon Timeline.app (65.1MB)
[2026-03-12 16:08:58] [uninstall] REMOVED /Users/jth/Library/Application Support/Aeon Timeline (1.7MB)
[2026-03-12 16:08:58] [uninstall] REMOVED /Users/jth/Library/Caches/app.timeline.aeon-setapp (512KB)
[2026-03-12 16:08:58] [uninstall] REMOVED /Users/jth/Library/Caches/Aeon Timeline (1.2MB)
[2026-03-12 16:08:58] [uninstall] REMOVED /Users/jth/Library/WebKit/app.timeline.aeon-setapp (1.2MB)
[2026-03-12 16:08:58] [uninstall] REMOVED /Users/jth/Library/HTTPStorages/app.timeline.aeon-setapp (3.2MB)
[2026-03-12 16:08:58] [uninstall] REMOVED /Users/jth/Library/Preferences/app.timeline.aeon-setapp.plist (4KB)
